<?xml version="1.0" encoding="UTF-8"?>
<!-- Generated by org.testng.reporters.JUnitReportReporter -->
<testsuite hostname="DESKTOP-SEM1CUB" failures="0" tests="3" name="runner.runner" time="56.232" errors="0" timestamp="2023-10-29T13:40:40 IST" skipped="0">
  <testcase classname="runner.runner" name="runScenario" time="17.606"/>
  <system-out/>
  <testcase classname="runner.runner" name="runScenario" time="20.030"/>
  <system-out/>
  <testcase classname="runner.runner" name="runScenario" time="18.596"/>
  <system-out/>
</testsuite> <!-- runner.runner -->
