<?xml version="1.0" encoding="UTF-8"?>
<!-- Generated by org.testng.reporters.JUnitReportReporter -->
<testsuite hostname="TL0017" failures="0" tests="1" name="testcase.CreateLeadFuntionality" time="56.390" errors="0" timestamp="2023-10-28T10:26:31 IST" skipped="0">
  <testcase classname="testcase.CreateLeadFuntionality" name="runCreate" time="56.390"/>
  <system-out/>
</testsuite> <!-- testcase.CreateLeadFuntionality -->
