<?xml version="1.0" encoding="UTF-8"?>
<!-- Generated by org.testng.reporters.JUnitReportReporter -->
<testsuite hostname="DESKTOP-SEM1CUB" failures="0" tests="1" name="testCase.BookTicketChennai" time="15.974" errors="0" timestamp="2023-11-04T23:18:54 IST" skipped="0">
  <testcase classname="testCase.BookTicketChennai" name="bookTicket" time="15.974"/>
  <system-out/>
</testsuite> <!-- testCase.BookTicketChennai -->
