<?xml version="1.0" encoding="UTF-8"?>
<!-- Generated by org.testng.reporters.JUnitReportReporter -->
<testsuite hostname="TL0017" failures="0" tests="1" name="testcase.Loginfunctionality" time="10.158" errors="0" timestamp="2023-10-28T11:28:16 IST" skipped="0">
  <testcase classname="testcase.Loginfunctionality" name="runLogin" time="10.158"/>
  <system-out/>
</testsuite> <!-- testcase.Loginfunctionality -->
