<?xml version="1.0" encoding="UTF-8"?>
<!-- Generated by org.testng.reporters.JUnitReportReporter -->
<testsuite hostname="TL0017" failures="0" tests="2" name="testcase.CreateLeadFuntionality" time="38.490" errors="0" timestamp="2023-10-28T11:57:58 IST" skipped="0">
  <testcase classname="testcase.CreateLeadFuntionality" name="runCreate" time="20.044"/>
  <system-out/>
  <testcase classname="testcase.CreateLeadFuntionality" name="runCreate" time="18.446"/>
  <system-out/>
</testsuite> <!-- testcase.CreateLeadFuntionality -->
